<?xml version="1.0" encoding="UTF-8"?><testsuite errors="1" failures="0" name="Modulo Meter plata" skipped="0" tests="1" time="2.55" timestamp="2024-07-17 12:14:29"><testcase name="CP020000M_SYS_Validar Botones pantallas y funcionalidades de las opciones meter plata desde cualquier banco y en efectivo"><error type="java.lang.reflect.InvocationTargetException"/><system-err>null
io.appium.java_client.remote.AppiumCommandExecutor.createSession(AppiumCommandExecutor.java:209)
io.appium.java_client.remote.AppiumCommandExecutor.execute(AppiumCommandExecutor.java:231)
io.appium.java_client.DefaultGenericMobileDriver.execute(DefaultGenericMobileDriver.java:42)
io.appium.java_client.AppiumDriver.execute(AppiumDriver.java:1)
io.appium.java_client.DefaultGenericMobileDriver.&lt;init&gt;(DefaultGenericMobileDriver.java:38)
io.appium.java_client.AppiumDriver.&lt;init&gt;(AppiumDriver.java:84)
io.appium.java_client.AppiumDriver.&lt;init&gt;(AppiumDriver.java:94)
daviplata.nacional.iOS.utilidades.CustomAppiumDriver.iniciarAppiumDriver(CustomAppiumDriver.java:40)
daviplata.nacional.iOS.utilidades.CustomAppiumDriver.&lt;init&gt;(CustomAppiumDriver.java:18)
daviplata.nacional.iOS.definitions.Hooks.iniciarTests(Hooks.java:41)
cucumber.runner.UnskipableStep.executeStep(UnskipableStep.java:22)
cucumber.runner.Runner.runPickle(Runner.java:80)
daviplata.nacional.iOS.runners.RunnerPersonalizado.run(RunnerPersonalizado.java:63)
org.eclipse.jdt.internal.junit4.runner.JUnit4TestReference.run(JUnit4TestReference.java:93)
org.eclipse.jdt.internal.junit.runner.TestExecution.run(TestExecution.java:40)
org.eclipse.jdt.internal.junit.runner.RemoteTestRunner.runTests(RemoteTestRunner.java:529)
org.eclipse.jdt.internal.junit.runner.RemoteTestRunner.runTests(RemoteTestRunner.java:756)
org.eclipse.jdt.internal.junit.runner.RemoteTestRunner.run(RemoteTestRunner.java:452)
org.eclipse.jdt.internal.junit.runner.RemoteTestRunner.main(RemoteTestRunner.java:210)
</system-err></testcase></testsuite>